<?xml version="1.0" encoding="UTF-8"?>
<testng-results total="1" passed="1" failed="0" skipped="0">
  <reporter-output>
  </reporter-output>
  <suite started-at="2019-01-03T18:21:45Z" name="Default suite" finished-at="2019-01-03T18:22:48Z" duration-ms="63429">
    <groups>
    </groups>
    <test started-at="2019-01-03T18:21:45Z" name="Default test" finished-at="2019-01-03T18:22:48Z" duration-ms="63429">
      <class name="TestNG.TestClass">
        <test-method signature="mainMethod()[pri:0, instance:TestNG.TestClass@7e6f74c]" started-at="2019-01-03T18:21:45Z" name="mainMethod" finished-at="2019-01-03T18:22:48Z" duration-ms="63376" status="PASS">
        </test-method>
      </class>
    </test>
  </suite>
</testng-results>
